<?xml version="1.0" encoding="UTF-8"?>
<testsuite name="com.kodilla.testing.shape.ShapeCollectorTestSuite" tests="3" skipped="0" failures="0" errors="0" timestamp="2018-06-06T16:51:39" hostname="Wojtek" time="0.004">
  <properties/>
  <testcase name="testCalculateTheField" classname="com.kodilla.testing.shape.ShapeCollectorTestSuite" time="0.003"/>
  <testcase name="testRemoveFigure" classname="com.kodilla.testing.shape.ShapeCollectorTestSuite" time="0.0"/>
  <testcase name="testAddFigure" classname="com.kodilla.testing.shape.ShapeCollectorTestSuite" time="0.0"/>
  <system-out><![CDATA[]]></system-out>
  <system-err><![CDATA[]]></system-err>
</testsuite>
