<?xml version="1.0" encoding="UTF-8"?>
<testsuite name="com.kodilla.testing.forum.statistics.ForumStatisticsTestSuite" tests="4" skipped="0" failures="0" errors="0" timestamp="2018-06-06T16:51:39" hostname="Wojtek" time="0.727">
  <properties/>
  <testcase name="testAverageCommentsToPosts" classname="com.kodilla.testing.forum.statistics.ForumStatisticsTestSuite" time="0.719"/>
  <testcase name="testAverageCommentsToUser" classname="com.kodilla.testing.forum.statistics.ForumStatisticsTestSuite" time="0.003"/>
  <testcase name="testCheckNumberOfNamesCommentsAndPosts" classname="com.kodilla.testing.forum.statistics.ForumStatisticsTestSuite" time="0.002"/>
  <testcase name="testAveragePostsToUser" classname="com.kodilla.testing.forum.statistics.ForumStatisticsTestSuite" time="0.002"/>
  <system-out><![CDATA[
Test number: 1
Statistics:
User count = 0
Post count = 0
Comment count = 50
Average post count per user = 0.0
Average comment count per user = 0.0
Average comment count per post = 0.0

Test number: 2
Statistics:
User count = 1000
Post count = 0
Comment count = 500
Average post count per user = 0.0
Average comment count per user = 0.0
Average comment count per post = 0.0

Test number: 3
Statistics:
User count = 100
Post count = 10
Comment count = 50
Average post count per user = 0.0
Average comment count per user = 0.0
Average comment count per post = 5.0

Test number: 4
Statistics:
User count = 0
Post count = 10
Comment count = 0
Average post count per user = 0.0
Average comment count per user = 0.0
Average comment count per post = 0.0
]]></system-out>
  <system-err><![CDATA[]]></system-err>
</testsuite>
