<?xml version="1.0" encoding="UTF-8"?>
<testsuite name="com.kodilla.patterns.factory.ShapeFactoryTestSuite" tests="3" skipped="0" failures="0" errors="0" timestamp="2018-05-31T16:10:28" hostname="Wojtek" time="0.01">
  <properties/>
  <testcase name="testFactoryCircle" classname="com.kodilla.patterns.factory.ShapeFactoryTestSuite" time="0.006"/>
  <testcase name="testFactorySquare" classname="com.kodilla.patterns.factory.ShapeFactoryTestSuite" time="0.001"/>
  <testcase name="testFactoryRectangle" classname="com.kodilla.patterns.factory.ShapeFactoryTestSuite" time="0.001"/>
  <system-out><![CDATA[]]></system-out>
  <system-err><![CDATA[]]></system-err>
</testsuite>
