<?xml version="1.0" encoding="UTF-8"?>
<testsuite name="Flights.FlightsTestSuite" tests="3" skipped="0" failures="0" errors="0" timestamp="2018-05-20T14:48:16" hostname="Wojtek" time="0.024">
  <properties/>
  <testcase name="testFlightBy" classname="Flights.FlightsTestSuite" time="0.018"/>
  <testcase name="testFlightTo" classname="Flights.FlightsTestSuite" time="0.005"/>
  <testcase name="testFlightFrom" classname="Flights.FlightsTestSuite" time="0.001"/>
  <system-out><![CDATA[]]></system-out>
  <system-err><![CDATA[]]></system-err>
</testsuite>
